https://google.com is DOWN
https://facebook.com is DOWN
https://twitter.com is DOWN
https://google.com is DOWN
https://facebook.com is DOWN
https://twitter.com is DOWN
https://google.com is DOWN
https://facebook.com is DOWN
https://twitter.com is DOWN
https://google.com is DOWN
https://facebook.com is DOWN
https://twitter.com is DOWN
https://google.com is DOWN
https://facebook.com is DOWN
https://twitter.com is DOWN
https://www.google.com is UP
https://www.facebook.com is UP
https://twitter.com is DOWN
https://www.google.com is UP
https://www.facebook.com is UP
https://www.x.com is DOWN
https://www.google.com is UP
https://www.facebook.com is UP
https://twitter.com/ is UP
https://www.google.com is DOWN
https://www.facebook.com is DOWN
https://twitter.com/ is DOWN
https://www.google.com is DOWN
https://www.facebook.com is DOWN
https://twitter.com/ is DOWN
https://www.google.com is DOWN
https://www.facebook.com is DOWN
https://twitter.com/ is DOWN
https://www.google.com is UP
https://www.facebook.com is UP
https://www.twitter.com is DOWN
https://www.google.com is UP
https://www.facebook.com is UP
https://www.twitter.com is UP
